[2020-11-05 22:55:14] - ### HONBAN: FOLDS:5, EPOCHS:80 ###
[2020-11-05 22:59:54] - model_type:4l, oof:0.0177348, train_flag:train
[2020-11-05 23:02:35] - model_type:4l, oof:0.0167407, train_flag:train
[2020-11-05 23:05:18] - model_type:4l, oof:0.0169992, train_flag:train
[2020-11-05 23:07:07] - model_type:lr, oof:0.0201498, train_flag:train
[2020-11-05 23:11:39] - model_type:2l, oof:0.0164098, train_flag:train
[2020-11-05 23:15:51] - model_type:3l, oof:0.0164497, train_flag:train
[2020-11-05 23:18:19] - model_type:4l, oof:0.0164254, train_flag:train
[2020-11-05 23:23:31] - model_type:5l, oof:0.0164321, train_flag:train
[2020-11-05 23:25:21] - model_type:rs, oof:0.0167401, train_flag:train
[2020-11-05 23:29:35] - model_type:3l_v2, oof:0.0165707, train_flag:train
[2020-11-05 23:32:04] - model_type:3lWN, oof:0.0187127, train_flag:train
[2020-11-05 23:35:25] - model_type:stack_tabnet, oof:0.0170727, train_flag:train
[2020-11-05 23:37:28] - model_type:tabnet_class, oof:0.0169266, train_flag:train
[2020-11-05 23:37:32] - model_type:lr-2l-3l-4l-5l-rs-3l_v2-3lWN-stack_tabnet-tabnet_class, oof:0.0207735, train_flag:train
[2020-11-05 23:37:49] - model_type:lr, oof:0.0201498, train_flag:inference
[2020-11-05 23:38:09] - model_type:2l, oof:0.0164098, train_flag:inference
[2020-11-05 23:38:29] - model_type:3l, oof:0.0164497, train_flag:inference
[2020-11-05 23:38:47] - model_type:4l, oof:0.0164254, train_flag:inference
[2020-11-05 23:39:04] - model_type:5l, oof:0.0164321, train_flag:inference
[2020-11-05 23:39:23] - model_type:rs, oof:0.0167401, train_flag:inference
[2020-11-05 23:39:44] - model_type:3l_v2, oof:0.0165707, train_flag:inference
[2020-11-05 23:40:04] - model_type:3lWN, oof:0.0187127, train_flag:inference
[2020-11-05 23:40:59] - model_type:stack_tabnet, oof:0.0170727, train_flag:inference
[2020-11-05 23:41:35] - model_type:tabnet_class, oof:0.0169266, train_flag:inference
[2020-11-05 23:41:39] - model_type:lr-2l-3l-4l-5l-rs-3l_v2-3lWN-stack_tabnet-tabnet_class, oof:0.0207735, train_flag:inference
[2020-11-05 23:45:38] - model_type:lr, oof:0.0186527, train_flag:train
[2020-11-05 23:50:58] - model_type:2l, oof:0.0163229, train_flag:train
[2020-11-05 23:55:16] - model_type:3l, oof:0.016373, train_flag:train
[2020-11-05 23:57:56] - model_type:4l, oof:0.0163573, train_flag:train
[2020-11-06 00:02:50] - model_type:5l, oof:0.0163736, train_flag:train
[2020-11-06 00:04:50] - model_type:rs, oof:0.0167736, train_flag:train
[2020-11-06 00:09:17] - model_type:3l_v2, oof:0.0164841, train_flag:train
[2020-11-06 00:12:05] - model_type:3lWN, oof:0.0184097, train_flag:train
[2020-11-06 00:15:24] - model_type:stack_tabnet, oof:0.0174892, train_flag:train
[2020-11-06 00:17:36] - model_type:tabnet_class, oof:0.0172772, train_flag:train
[2020-11-06 00:17:39] - model_type:lr-2l-3l-4l-5l-rs-3l_v2-3lWN-stack_tabnet-tabnet_class, oof:0.0208002, train_flag:train
[2020-11-06 00:36:51] - model_type:rs, oof:0.0162722, train_flag:train
[2020-11-06 00:52:33] - model_type:2l, oof:0.0162439, train_flag:train
[2020-11-06 01:01:20] - model_type:4l, oof:0.0161925, train_flag:train
[2020-11-06 01:17:40] - model_type:5l, oof:0.0162111, train_flag:train
[2020-11-06 01:30:59] - model_type:3l, oof:0.0161922, train_flag:train
[2020-11-06 01:40:18] - model_type:stack_tabnet, oof:0.0169984, train_flag:train
[2020-11-06 01:40:21] - model_type:rs-2l-4l-5l-3l-stack_tabnet, oof:0.0192757, train_flag:train
[2020-11-06 01:55:52] - model_type:tabnet_class, oof:0.0167243, train_flag:train
[2020-11-06 02:25:21] - model_type:stack_tabnet, oof:0.0166928, train_flag:train
[2020-11-06 02:34:19] - model_type:tabnet_class, oof:0.01672, train_flag:train
[2020-11-06 02:50:52] - model_type:stack_tabnet, oof:0.0166722, train_flag:train
[2020-11-06 02:56:08] - model_type:tabnet_class, oof:0.0168313, train_flag:train
[2020-11-06 03:05:09] - model_type:stack_tabnet, oof:0.0167191, train_flag:train
[2020-11-06 03:08:20] - model_type:tabnet_class, oof:0.016871, train_flag:train
[2020-11-06 03:13:22] - model_type:stack_tabnet, oof:0.0168043, train_flag:train
[2020-11-06 03:15:35] - model_type:tabnet_class, oof:0.0169266, train_flag:train
[2020-11-06 03:19:02] - model_type:stack_tabnet, oof:0.0170727, train_flag:train
[2020-11-06 03:20:47] - model_type:tabnet_class, oof:0.0169572, train_flag:train
[2020-11-06 03:23:23] - model_type:stack_tabnet, oof:0.0171816, train_flag:train
[2020-11-06 03:24:58] - model_type:tabnet_class, oof:0.0170571, train_flag:train
[2020-11-06 03:27:04] - model_type:stack_tabnet, oof:0.0174936, train_flag:train
[2020-11-06 03:28:46] - model_type:tabnet_class, oof:0.017026, train_flag:train
[2020-11-06 03:32:09] - model_type:stack_tabnet, oof:0.0169037, train_flag:train
[2020-11-06 03:33:57] - model_type:tabnet_class, oof:0.0168217, train_flag:train
[2020-11-06 03:37:06] - model_type:stack_tabnet, oof:0.0168527, train_flag:train
[2020-11-06 03:41:14] - model_type:tabnet_class, oof:0.017057, train_flag:train
[2020-11-06 03:46:57] - model_type:stack_tabnet, oof:0.0173896, train_flag:train
[2020-11-06 03:53:56] - model_type:tabnet_class, oof:0.0194554, train_flag:train
[2020-11-06 04:05:14] - model_type:stack_tabnet, oof:0.0186935, train_flag:train
[2020-11-06 04:07:26] - model_type:tabnet_class, oof:0.0169266, train_flag:train
[2020-11-06 04:10:52] - model_type:stack_tabnet, oof:0.0170727, train_flag:train
[2020-11-06 04:15:51] - model_type:tabnet_class, oof:0.0203953, train_flag:train
[2020-11-06 04:27:39] - model_type:stack_tabnet, oof:0.0196769, train_flag:train
[2020-11-06 04:37:24] - model_type:tabnet_class, oof:0.0199118, train_flag:train
[2020-11-06 04:54:20] - model_type:stack_tabnet, oof:0.0197523, train_flag:train
[2020-11-06 05:04:54] - model_type:tabnet_class, oof:0.0195765, train_flag:train
[2020-11-06 05:27:05] - model_type:stack_tabnet, oof:0.0198399, train_flag:train
[2020-11-06 05:52:55] - model_type:tabnet_class, oof:0.0197219, train_flag:train
[2020-11-06 06:37:15] - model_type:stack_tabnet, oof:0.0205714, train_flag:train
[2020-11-06 06:41:06] - model_type:tabnet_class, oof:0.0176771, train_flag:train
[2020-11-06 06:47:22] - model_type:stack_tabnet, oof:0.0187168, train_flag:train
[2020-11-06 06:50:10] - model_type:tabnet_class, oof:0.0171134, train_flag:train
[2020-11-06 06:54:27] - model_type:stack_tabnet, oof:0.0173601, train_flag:train
[2020-11-06 06:56:54] - model_type:tabnet_class, oof:0.0169299, train_flag:train
[2020-11-06 07:00:40] - model_type:stack_tabnet, oof:0.0170718, train_flag:train
[2020-11-06 07:02:54] - model_type:tabnet_class, oof:0.0169031, train_flag:train
[2020-11-06 07:06:19] - model_type:stack_tabnet, oof:0.0169695, train_flag:train
[2020-11-06 07:08:32] - model_type:stack_tabnet, oof:0.0169266, train_flag:train
[2020-11-06 07:11:59] - model_type:stack_tabnet, oof:0.0170727, train_flag:train
[2020-11-06 07:16:42] - model_type:stack_tabnet, oof:0.0170906, train_flag:train
[2020-11-06 07:22:57] - model_type:stack_tabnet, oof:0.017029, train_flag:train
[2020-11-06 07:31:27] - model_type:stack_tabnet, oof:0.0170164, train_flag:train
[2020-11-06 07:34:14] - model_type:4l, oof:0.0163999, train_flag:train
[2020-11-06 07:37:36] - model_type:4l, oof:0.0163716, train_flag:train
[2020-11-06 07:40:38] - model_type:4l, oof:0.0163907, train_flag:train
[2020-11-06 07:43:38] - model_type:4l, oof:0.0163949, train_flag:train
[2020-11-06 07:48:52] - model_type:4l, oof:0.0163159, train_flag:train
[2020-11-06 07:51:40] - model_type:4l, oof:0.0164733, train_flag:train
[2020-11-06 07:54:44] - model_type:4l, oof:0.0164171, train_flag:train
[2020-11-06 07:57:38] - model_type:4l, oof:0.0164193, train_flag:train
[2020-11-06 08:00:19] - model_type:4l, oof:0.0165149, train_flag:train
[2020-11-06 08:03:35] - model_type:4l, oof:0.0164285, train_flag:train
[2020-11-06 08:06:33] - model_type:4l, oof:0.0163416, train_flag:train
[2020-11-06 08:10:14] - model_type:4l, oof:0.0164231, train_flag:train
[2020-11-06 08:13:05] - model_type:4l, oof:0.0165269, train_flag:train
[2020-11-06 08:16:15] - model_type:4l, oof:0.0167199, train_flag:train
[2020-11-06 08:18:49] - model_type:4l, oof:0.0164738, train_flag:train
[2020-11-06 08:22:13] - model_type:4l, oof:0.0165233, train_flag:train
[2020-11-06 08:25:48] - model_type:4l, oof:0.0164885, train_flag:train
[2020-11-06 08:29:28] - model_type:4l, oof:0.0165289, train_flag:train
[2020-11-06 08:33:07] - model_type:4l, oof:0.0165337, train_flag:train
[2020-11-06 08:36:34] - model_type:4l, oof:0.0164938, train_flag:train
[2020-11-06 08:39:26] - model_type:4l, oof:0.0164137, train_flag:train
[2020-11-06 08:42:04] - model_type:4l, oof:0.0164159, train_flag:train
[2020-11-06 08:45:17] - model_type:4l, oof:0.0163853, train_flag:train
[2020-11-06 08:48:11] - model_type:4l, oof:0.0163984, train_flag:train
[2020-11-06 08:50:54] - model_type:4l, oof:0.016411, train_flag:train
[2020-11-06 08:53:46] - model_type:4l, oof:0.0164204, train_flag:train
[2020-11-06 08:56:57] - model_type:4l, oof:0.0163709, train_flag:train
[2020-11-06 08:59:49] - model_type:4l, oof:0.0164131, train_flag:train
[2020-11-06 09:02:53] - model_type:4l, oof:0.0163823, train_flag:train
[2020-11-06 09:11:25] - model_type:4l, oof:0.0175857, train_flag:train
[2020-11-06 09:18:59] - model_type:4l, oof:0.016414, train_flag:train
[2020-11-06 09:22:00] - model_type:4l, oof:0.0164038, train_flag:train
[2020-11-06 09:24:41] - model_type:4l, oof:0.0164248, train_flag:train
[2020-11-06 09:27:16] - model_type:rs, oof:0.0167092, train_flag:train
[2020-11-06 09:30:41] - model_type:4l, oof:0.0165632, train_flag:train
[2020-11-06 09:41:27] - model_type:lr, oof:0.0263734, train_flag:train
[2020-11-06 09:43:52] - ### HONBAN: FOLDS:5, EPOCHS:80 ###
[2020-11-06 09:47:58] - model_type:2l, oof:0.0203774, train_flag:train
[2020-11-06 09:52:29] - model_type:3l, oof:0.0197953, train_flag:train
[2020-11-06 09:55:17] - model_type:4l, oof:0.0202447, train_flag:train
[2020-11-06 10:00:03] - model_type:5l, oof:0.0203805, train_flag:train
[2020-11-06 10:01:49] - model_type:rs, oof:0.0167291, train_flag:train
[2020-11-06 10:06:07] - model_type:stack_tabnet, oof:0.0193783, train_flag:train
[2020-11-06 10:08:48] - model_type:tabnet_class, oof:0.0192479, train_flag:train
[2020-11-06 10:08:51] - model_type:2l-3l-4l-5l-rs-stack_tabnet-tabnet_class, oof:0.0222129, train_flag:train
[2020-11-06 10:11:57] - ### HONBAN: FOLDS:5, EPOCHS:80 ###
[2020-11-06 10:15:15] - model_type:4l, oof:0.016403, train_flag:train
[2020-11-06 11:25:31] - model_type:4l, oof:0.0163833, train_flag:train
[2020-11-06 11:32:48] - model_type:4l, oof:0.0163537, train_flag:train
[2020-11-06 11:43:31] - model_type:2l, oof:0.0162882, train_flag:train
[2020-11-06 11:47:38] - model_type:3l, oof:0.0163853, train_flag:train
[2020-11-06 11:50:26] - model_type:4l, oof:0.0163238, train_flag:train
[2020-11-06 11:55:28] - model_type:5l, oof:0.0163599, train_flag:train
[2020-11-06 11:57:23] - model_type:rs, oof:0.0167596, train_flag:train
[2020-11-06 12:01:31] - model_type:3l_v2, oof:0.0164691, train_flag:train
[2020-11-06 12:04:32] - model_type:stack_tabnet, oof:0.0175018, train_flag:train
[2020-11-06 12:06:35] - model_type:tabnet_class, oof:0.0172945, train_flag:train
[2020-11-06 12:06:38] - model_type:2l-3l-4l-5l-rs-3l_v2-stack_tabnet-tabnet_class, oof:0.020213, train_flag:train
[2020-11-06 12:22:25] - model_type:stack_tabnet, oof:0.0169371, train_flag:train
[2020-11-06 12:25:54] - model_type:4l, oof:0.0163121, train_flag:train
[2020-11-06 12:28:26] - model_type:2l, oof:0.0162936, train_flag:train
[2020-11-06 12:31:41] - model_type:3l, oof:0.0164798, train_flag:train
[2020-11-06 12:34:13] - model_type:4l, oof:0.0178934, train_flag:train
[2020-11-06 12:38:32] - model_type:5l, oof:0.0183181, train_flag:train
[2020-11-06 12:40:42] - model_type:rs, oof:0.0166837, train_flag:train
[2020-11-06 12:44:28] - model_type:3l_v2, oof:0.0165591, train_flag:train
[2020-11-06 12:44:31] - model_type:2l-3l-4l-5l-rs-3l_v2, oof:0.0195798, train_flag:train
[2020-11-06 12:47:06] - model_type:2l, oof:0.016309, train_flag:train
[2020-11-06 12:49:58] - model_type:3l, oof:0.0165523, train_flag:train
[2020-11-06 12:52:24] - model_type:4l, oof:0.0165061, train_flag:train
[2020-11-06 12:56:44] - model_type:5l, oof:0.0164678, train_flag:train
[2020-11-06 12:58:33] - model_type:rs, oof:0.0167649, train_flag:train
[2020-11-06 13:02:12] - model_type:3l_v2, oof:0.0165326, train_flag:train
[2020-11-06 13:02:15] - model_type:2l-3l-4l-5l-rs-3l_v2, oof:0.0194456, train_flag:train
[2020-11-06 13:04:48] - model_type:2l, oof:0.0163092, train_flag:train
[2020-11-06 13:08:08] - model_type:3l, oof:0.0164412, train_flag:train
[2020-11-06 13:11:02] - model_type:4l, oof:0.0165228, train_flag:train
[2020-11-06 13:16:17] - model_type:5l, oof:0.0165096, train_flag:train
[2020-11-06 13:18:18] - model_type:rs, oof:0.0166166, train_flag:train
[2020-11-06 13:21:41] - model_type:3l_v2, oof:0.016581, train_flag:train
[2020-11-06 13:21:44] - model_type:2l-3l-4l-5l-rs-3l_v2, oof:0.0194162, train_flag:train
[2020-11-06 13:29:21] - model_type:2l, oof:0.0171018, train_flag:train
[2020-11-06 13:38:50] - model_type:3l, oof:0.0166817, train_flag:train
[2020-11-06 13:44:07] - model_type:4l, oof:0.0167173, train_flag:train
[2020-11-06 13:53:20] - model_type:5l, oof:0.0167891, train_flag:train
[2020-11-06 13:57:06] - model_type:rs, oof:0.0172148, train_flag:train
[2020-11-06 14:04:20] - model_type:3l_v2, oof:0.0166887, train_flag:train
[2020-11-06 14:04:23] - model_type:2l-3l-4l-5l-rs-3l_v2, oof:0.0193497, train_flag:train
[2020-11-06 14:12:02] - model_type:2l, oof:0.6189152, train_flag:train
[2020-11-06 14:18:39] - model_type:3l, oof:0.5011192, train_flag:train
[2020-11-06 14:24:47] - model_type:4l, oof:0.0333502, train_flag:train
[2020-11-06 14:35:46] - model_type:5l, oof:0.0421744, train_flag:train
[2020-11-06 14:42:47] - model_type:rs, oof:0.0678956, train_flag:train
[2020-11-06 14:55:59] - model_type:3l_v2, oof:0.0174277, train_flag:train
[2020-11-06 14:56:02] - model_type:2l-3l-4l-5l-rs-3l_v2, oof:0.0381998, train_flag:train
